<?xml version="1.0" encoding="UTF-8"?>
<!-- Generated by org.testng.reporters.JUnitReportReporter -->
<testsuite hostname="DESKTOP-CV99L1T" failures="0" tests="1" name="com.Maven.BaseClass" time="4.586" errors="0" timestamp="05 Dec 2018 00:50:25 GMT" skipped="0">
  <testcase classname="com.Maven.BaseClass" name="setUp" time="4.586"/>
</testsuite> <!-- com.Maven.BaseClass -->
