<?xml version="1.0" encoding="UTF-8"?>
<!-- Generated by org.testng.reporters.JUnitReportReporter -->
<testsuite hostname="DESKTOP-CV99L1T" failures="0" tests="1" name="com.Maven.MavenTest" time="0.014" errors="0" timestamp="05 Dec 2018 00:51:04 GMT" skipped="0">
  <testcase classname="com.Maven.MavenTest" name="hello" time="0.014"/>
</testsuite> <!-- com.Maven.MavenTest -->
